RUN	LoginSimulation	loginsimulation	1632429945082	Testing Login	3.6.1
USER	LoginSimulation	START	1632429946547
USER	LoginSimulation	START	1632429946546
USER	LoginSimulation	START	1632429946546
USER	LoginSimulation	START	1632429946546
USER	LoginSimulation	START	1632429946546
USER	LoginSimulation	START	1632429946548
USER	LoginSimulation	START	1632429946546
USER	LoginSimulation	START	1632429946546
USER	LoginSimulation	START	1632429946547
USER	LoginSimulation	START	1632429946547
USER	LoginSimulation	START	1632429946547
USER	LoginSimulation	START	1632429946547
USER	LoginSimulation	START	1632429946547
USER	LoginSimulation	START	1632429946547
USER	LoginSimulation	START	1632429946883
USER	LoginSimulation	START	1632429946883
USER	LoginSimulation	START	1632429946884
USER	LoginSimulation	START	1632429946884
USER	LoginSimulation	START	1632429946884
USER	LoginSimulation	START	1632429946546
USER	LoginSimulation	START	1632429946884
USER	LoginSimulation	START	1632429946885
USER	LoginSimulation	START	1632429946885
USER	LoginSimulation	START	1632429946547
USER	LoginSimulation	START	1632429946547
USER	LoginSimulation	START	1632429946548
USER	LoginSimulation	START	1632429946884
USER	LoginSimulation	START	1632429946547
USER	LoginSimulation	START	1632429946546
USER	LoginSimulation	START	1632429946546
USER	LoginSimulation	START	1632429946883
USER	LoginSimulation	START	1632429946547
USER	LoginSimulation	START	1632429946886
USER	LoginSimulation	START	1632429946887
USER	LoginSimulation	START	1632429946888
USER	LoginSimulation	START	1632429946888
USER	LoginSimulation	START	1632429946885
USER	LoginSimulation	START	1632429946888
USER	LoginSimulation	START	1632429946886
USER	LoginSimulation	START	1632429946547
USER	LoginSimulation	START	1632429946885
USER	LoginSimulation	START	1632429946546
USER	LoginSimulation	START	1632429946888
USER	LoginSimulation	START	1632429946887
USER	LoginSimulation	START	1632429946889
USER	LoginSimulation	START	1632429946883
USER	LoginSimulation	START	1632429946890
USER	LoginSimulation	START	1632429946890
USER	LoginSimulation	START	1632429946887
USER	LoginSimulation	START	1632429946890
REQUEST		request_0	1632429946598	1632429947019	OK	 
REQUEST		request_0	1632429946596	1632429947019	OK	 
REQUEST		request_0	1632429946884	1632429947019	OK	 
REQUEST		request_0	1632429946886	1632429947052	OK	 
REQUEST		request_0	1632429946597	1632429947049	OK	 
REQUEST		request_0	1632429946888	1632429947052	OK	 
REQUEST		request_0	1632429946885	1632429947025	OK	 
REQUEST		request_0	1632429946598	1632429947019	OK	 
REQUEST		request_0	1632429946598	1632429947019	OK	 
REQUEST		request_0	1632429946890	1632429947019	OK	 
REQUEST		request_0	1632429946597	1632429947019	OK	 
REQUEST		request_0	1632429946596	1632429947019	OK	 
REQUEST		request_0	1632429946597	1632429947019	OK	 
REQUEST		request_0	1632429946596	1632429947052	OK	 
REQUEST		request_0	1632429946888	1632429947052	OK	 
REQUEST		request_0	1632429946596	1632429947049	OK	 
REQUEST		request_0	1632429946885	1632429947019	OK	 
REQUEST		request_0	1632429946884	1632429947019	OK	 
REQUEST		request_0	1632429946885	1632429947019	OK	 
REQUEST		request_0	1632429946888	1632429947019	OK	 
REQUEST		request_0	1632429946596	1632429947049	OK	 
REQUEST		request_0	1632429946884	1632429947019	OK	 
REQUEST		request_0	1632429946596	1632429947019	OK	 
REQUEST		request_0	1632429946890	1632429947019	OK	 
REQUEST		request_0	1632429946884	1632429947083	OK	 
REQUEST		request_0	1632429946596	1632429947083	OK	 
REQUEST		request_0	1632429946888	1632429947083	OK	 
REQUEST		request_0	1632429946885	1632429947084	OK	 
REQUEST		request_0	1632429946888	1632429947084	OK	 
REQUEST		request_0	1632429946597	1632429947084	OK	 
REQUEST		request_0	1632429946596	1632429947086	OK	 
REQUEST		request_0	1632429946886	1632429947087	OK	 
REQUEST		request_0	1632429946596	1632429947090	OK	 
REQUEST		request_0	1632429946886	1632429947095	OK	 
REQUEST		request_1	1632429947079	1632429947095	OK	 
REQUEST		request_0	1632429946887	1632429947096	OK	 
REQUEST		request_1	1632429947076	1632429947097	OK	 
REQUEST		request_0	1632429946596	1632429947098	OK	 
REQUEST		request_1	1632429947076	1632429947098	OK	 
REQUEST		request_1	1632429947079	1632429947099	OK	 
REQUEST		request_1	1632429947077	1632429947102	OK	 
REQUEST		request_0	1632429946596	1632429947103	OK	 
REQUEST		request_0	1632429946598	1632429947104	OK	 
REQUEST		request_1	1632429947077	1632429947104	OK	 
REQUEST		request_1	1632429947076	1632429947104	OK	 
REQUEST		request_1	1632429947077	1632429947105	OK	 
REQUEST		request_0	1632429946596	1632429947106	OK	 
REQUEST		request_1	1632429947086	1632429947108	OK	 
REQUEST		request_1	1632429947086	1632429947109	OK	 
REQUEST		request_1	1632429947077	1632429947110	OK	 
REQUEST		request_1	1632429947077	1632429947110	OK	 
REQUEST		request_1	1632429947077	1632429947111	OK	 
REQUEST		request_0	1632429946596	1632429947111	OK	 
REQUEST		request_0	1632429946887	1632429947112	OK	 
REQUEST		request_1	1632429947090	1632429947113	OK	 
REQUEST		request_1	1632429947090	1632429947114	OK	 
REQUEST		request_1	1632429947090	1632429947113	OK	 
REQUEST		request_1	1632429947086	1632429947114	OK	 
REQUEST		request_1	1632429947093	1632429947114	OK	 
REQUEST		request_1	1632429947098	1632429947116	OK	 
REQUEST		request_0	1632429946597	1632429947116	OK	 
REQUEST		request_0	1632429946887	1632429947118	OK	 
REQUEST		request_0	1632429946890	1632429947120	OK	 
REQUEST		request_0	1632429946597	1632429947121	OK	 
REQUEST		request_1	1632429947076	1632429947122	OK	 
REQUEST		request_1	1632429947099	1632429947125	OK	 
REQUEST		request_1	1632429947100	1632429947126	OK	 
REQUEST		request_1	1632429947078	1632429947129	OK	 
REQUEST		request_0	1632429946598	1632429947129	OK	 
REQUEST		request_0	1632429946889	1632429947133	OK	 
REQUEST		request_1	1632429947087	1632429947134	OK	 
REQUEST		request_1	1632429947078	1632429947135	OK	 
REQUEST		request_1	1632429947076	1632429947135	OK	 
REQUEST		request_1	1632429947076	1632429947138	OK	 
REQUEST		request_1	1632429947076	1632429947142	OK	 
REQUEST		request_1	1632429947101	1632429947142	OK	 
REQUEST		request_1	1632429947076	1632429947144	OK	 
REQUEST		request_0	1632429946890	1632429947145	OK	 
REQUEST		request_1	1632429947107	1632429947150	OK	 
REQUEST		request_1	1632429947107	1632429947151	OK	 
REQUEST		request_1	1632429947107	1632429947151	OK	 
REQUEST		request_1	1632429947101	1632429947157	OK	 
REQUEST		request_0	1632429946884	1632429947159	OK	 
REQUEST		request_1	1632429947086	1632429947165	OK	 
REQUEST		request_1	1632429947116	1632429947167	OK	 
REQUEST		request_1	1632429947110	1632429947168	OK	 
REQUEST		request_1	1632429947091	1632429947175	OK	 
REQUEST		request_1	1632429947119	1632429947189	OK	 
REQUEST		request_1	1632429947121	1632429947189	OK	 
REQUEST		request_0	1632429946886	1632429947189	OK	 
REQUEST		request_1	1632429947123	1632429947194	OK	 
REQUEST		request_1	1632429947123	1632429947199	OK	 
REQUEST		request_1	1632429947131	1632429947220	OK	 
REQUEST		request_1	1632429947133	1632429947220	OK	 
REQUEST		request_1	1632429947137	1632429947221	OK	 
REQUEST		request_1	1632429947128	1632429947221	OK	 
REQUEST		request_1	1632429947136	1632429947247	OK	 
REQUEST		request_4	1632429947078	1632429947272	OK	 
REQUEST		request_1	1632429947160	1632429947290	OK	 
REQUEST		request_6	1632429947081	1632429947291	OK	 
REQUEST		request_6	1632429947082	1632429947291	OK	 
REQUEST		request_1	1632429947163	1632429947308	OK	 
REQUEST		request_4	1632429947081	1632429947313	OK	 
REQUEST		request_4	1632429947082	1632429947327	OK	 
REQUEST		request_1	1632429947191	1632429947373	OK	 
REQUEST		request_6	1632429947088	1632429947383	OK	 
REQUEST		request_4	1632429947088	1632429947388	OK	 
REQUEST		request_4	1632429947078	1632429947388	OK	 
REQUEST		request_6	1632429947089	1632429947429	OK	 
REQUEST		request_6	1632429947083	1632429947433	OK	 
REQUEST		request_6	1632429947089	1632429947453	OK	 
REQUEST		request_4	1632429947088	1632429947474	OK	 
REQUEST		request_6	1632429947095	1632429947488	OK	 
REQUEST		request_4	1632429947081	1632429947500	OK	 
REQUEST		request_6	1632429947094	1632429947502	OK	 
REQUEST		request_8	1632429947272	1632429947511	OK	 
REQUEST		request_6	1632429947093	1632429947513	OK	 
REQUEST		request_6	1632429947082	1632429947514	OK	 
REQUEST		request_4	1632429947078	1632429947534	OK	 
REQUEST		request_4	1632429947092	1632429947536	OK	 
REQUEST		request_4	1632429947079	1632429947537	OK	 
REQUEST		request_4	1632429947092	1632429947551	OK	 
REQUEST		request_4	1632429947092	1632429947552	OK	 
REQUEST		request_6	1632429947082	1632429947553	OK	 
REQUEST		request_8	1632429947292	1632429947554	OK	 
REQUEST		request_6	1632429947080	1632429947556	OK	 
REQUEST		request_6	1632429947095	1632429947559	OK	 
REQUEST		request_9	1632429947292	1632429947569	OK	 
REQUEST		request_6	1632429947093	1632429947571	OK	 
REQUEST		request_6	1632429947096	1632429947571	OK	 
REQUEST		request_4	1632429947080	1632429947572	OK	 
REQUEST		request_6	1632429947079	1632429947572	OK	 
REQUEST		request_6	1632429947101	1632429947572	OK	 
REQUEST		request_6	1632429947080	1632429947573	OK	 
REQUEST		request_4	1632429947088	1632429947579	OK	 
REQUEST		request_4	1632429947093	1632429947586	OK	 
REQUEST		request_4	1632429947095	1632429947586	OK	 
REQUEST		request_6	1632429947094	1632429947646	OK	 
REQUEST		request_6	1632429947104	1632429947667	OK	 
REQUEST		request_6	1632429947096	1632429947667	OK	 
REQUEST		request_9	1632429947313	1632429947669	OK	 
REQUEST		request_8	1632429947328	1632429947669	OK	 
REQUEST		request_6	1632429947089	1632429947670	OK	 
REQUEST		request_6	1632429947104	1632429947676	OK	 
REQUEST		request_6	1632429947104	1632429947682	OK	 
REQUEST		request_4	1632429947088	1632429947686	OK	 
REQUEST		request_4	1632429947079	1632429947693	OK	 
REQUEST		request_4	1632429947101	1632429947700	OK	 
REQUEST		request_4	1632429947102	1632429947700	OK	 
REQUEST		request_4	1632429947103	1632429947701	OK	 
REQUEST		request_6	1632429947108	1632429947701	OK	 
REQUEST		request_4	1632429947100	1632429947711	OK	 
REQUEST		request_6	1632429947108	1632429947736	OK	 
REQUEST		request_6	1632429947104	1632429947736	OK	 
REQUEST		request_6	1632429947110	1632429947738	OK	 
REQUEST		request_4	1632429947107	1632429947739	OK	 
REQUEST		request_6	1632429947080	1632429947739	OK	 
REQUEST		request_6	1632429947089	1632429947751	OK	 
REQUEST		request_6	1632429947110	1632429947752	OK	 
REQUEST		request_4	1632429947103	1632429947763	OK	 
REQUEST		request_4	1632429947107	1632429947785	OK	 
REQUEST		request_6	1632429947094	1632429947797	OK	 
REQUEST		request_4	1632429947079	1632429947799	OK	 
REQUEST		request_8	1632429947384	1632429947800	OK	 
REQUEST		request_4	1632429947092	1632429947802	OK	 
REQUEST		request_4	1632429947108	1632429947803	OK	 
REQUEST		request_4	1632429947109	1632429947807	OK	 
REQUEST		request_6	1632429947115	1632429947820	OK	 
REQUEST		request_8	1632429947388	1632429947821	OK	 
REQUEST		request_9	1632429947388	1632429947823	OK	 
REQUEST		request_6	1632429947114	1632429947825	OK	 
REQUEST		request_4	1632429947088	1632429947836	OK	 
REQUEST		request_4	1632429947113	1632429947855	OK	 
REQUEST		request_6	1632429947126	1632429947879	OK	 
REQUEST		request_8	1632429947431	1632429947880	OK	 
REQUEST		request_9	1632429947435	1632429947882	OK	 
REQUEST		request_6	1632429947119	1632429947885	OK	 
REQUEST		request_6	1632429947112	1632429947890	OK	 
REQUEST		request_4	1632429947113	1632429947901	OK	 
REQUEST		request_9	1632429947454	1632429947902	OK	 
REQUEST		request_4	1632429947124	1632429947914	OK	 
REQUEST		request_6	1632429947124	1632429947933	OK	 
REQUEST		request_9	1632429947475	1632429947957	OK	 
REQUEST		request_4	1632429947080	1632429947957	OK	 
REQUEST		request_4	1632429947093	1632429947968	OK	 
REQUEST		request_8	1632429947489	1632429947970	OK	 
REQUEST		request_6	1632429947137	1632429947972	OK	 
REQUEST		request_6	1632429947126	1632429947972	OK	 
REQUEST		request_4	1632429947089	1632429947976	OK	 
REQUEST		request_8	1632429947501	1632429947979	OK	 
REQUEST		request_8	1632429947503	1632429947985	OK	 
REQUEST		request_6	1632429947134	1632429947985	OK	 
REQUEST		request_6	1632429947121	1632429947989	OK	 
REQUEST		request_6	1632429947136	1632429947989	OK	 
REQUEST		request_4	1632429947120	1632429947998	OK	 
REQUEST		request_4	1632429947118	1632429948001	OK	 
REQUEST		request_4	1632429947130	1632429948021	OK	 
REQUEST		request_4	1632429947123	1632429948021	OK	 
REQUEST		request_6	1632429947146	1632429948026	OK	 
REQUEST		request_8	1632429947514	1632429948026	OK	 
REQUEST		request_6	1632429947139	1632429948029	OK	 
REQUEST		request_6	1632429947141	1632429948032	OK	 
REQUEST		request_7	1632429947126	1632429948039	OK	 
REQUEST		request_9	1632429947515	1632429948039	OK	 
REQUEST		request_4	1632429947125	1632429948040	OK	 
REQUEST		request_10	1632429947512	1632429948044	OK	 
REQUEST		request_4	1632429947133	1632429948062	OK	 
REQUEST		request_6	1632429947130	1632429948064	OK	 
REQUEST		request_7	1632429947097	1632429948066	OK	 
REQUEST		request_8	1632429947534	1632429948068	OK	 
REQUEST		request_9	1632429947536	1632429948069	OK	 
REQUEST		request_8	1632429947538	1632429948076	OK	 
REQUEST		request_8	1632429947553	1632429948091	OK	 
REQUEST		request_10	1632429947554	1632429948092	OK	 
REQUEST		request_8	1632429947554	1632429948092	OK	 
REQUEST		request_8	1632429947559	1632429948094	OK	 
REQUEST		request_9	1632429947556	1632429948096	OK	 
REQUEST		request_9	1632429947552	1632429948104	OK	 
REQUEST		request_8	1632429947573	1632429948120	OK	 
REQUEST		request_8	1632429947571	1632429948120	OK	 
REQUEST		request_8	1632429947573	1632429948121	OK	 
REQUEST		request_9	1632429947571	1632429948122	OK	 
REQUEST		request_4	1632429947109	1632429948124	OK	 
REQUEST		request_7	1632429947099	1632429948124	OK	 
REQUEST		request_4	1632429947140	1632429948129	OK	 
REQUEST		request_9	1632429947573	1632429948133	OK	 
REQUEST		request_4	1632429947134	1632429948155	OK	 
REQUEST		request_4	1632429947138	1632429948156	OK	 
REQUEST		request_8	1632429947580	1632429948156	OK	 
REQUEST		request_9	1632429947573	1632429948156	OK	 
REQUEST		request_4	1632429947144	1632429948164	OK	 
REQUEST		request_7	1632429947104	1632429948164	OK	 
REQUEST		request_9	1632429947586	1632429948164	OK	 
REQUEST		request_9	1632429947586	1632429948164	OK	 
REQUEST		request_7	1632429947103	1632429948190	OK	 
REQUEST		request_7	1632429947112	1632429948192	OK	 
REQUEST		request_8	1632429947647	1632429948220	OK	 
REQUEST		request_7	1632429947109	1632429948222	OK	 
REQUEST		request_10	1632429947670	1632429948225	OK	 
REQUEST		request_9	1632429947668	1632429948227	OK	 
REQUEST		request_8	1632429947671	1632429948228	OK	 
REQUEST		request_8	1632429947668	1632429948229	OK	 
REQUEST		request_8	1632429947676	1632429948230	OK	 
REQUEST		request_6	1632429947163	1632429948232	OK	 
REQUEST		request_7	1632429947152	1632429948234	OK	 
REQUEST		request_7	1632429947105	1632429948237	OK	 
REQUEST		request_8	1632429947683	1632429948242	OK	 
REQUEST		request_9	1632429947687	1632429948270	OK	 
REQUEST		request_7	1632429947114	1632429948273	OK	 
REQUEST		request_7	1632429947151	1632429948289	OK	 
REQUEST		request_8	1632429947702	1632429948290	OK	 
REQUEST		request_9	1632429947694	1632429948299	OK	 
REQUEST		request_9	1632429947701	1632429948312	OK	 
REQUEST		request_9	1632429947701	1632429948312	OK	 
REQUEST		request_9	1632429947701	1632429948312	OK	 
REQUEST		request_6	1632429947166	1632429948314	OK	 
REQUEST		request_8	1632429947736	1632429948316	OK	 
REQUEST		request_8	1632429947740	1632429948316	OK	 
REQUEST		request_8	1632429947736	1632429948316	OK	 
REQUEST		request_8	1632429947738	1632429948317	OK	 
REQUEST		request_9	1632429947711	1632429948319	OK	 
REQUEST		request_7	1632429947152	1632429948325	OK	 
REQUEST		request_8	1632429947753	1632429948333	OK	 
REQUEST		request_9	1632429947740	1632429948338	OK	 
REQUEST		request_7	1632429947117	1632429948351	OK	 
REQUEST		request_7	1632429947115	1632429948361	OK	 
REQUEST		request_9	1632429947763	1632429948367	OK	 
REQUEST		request_8	1632429947798	1632429948408	OK	 
REQUEST		request_10	1632429947800	1632429948409	OK	 
REQUEST		request_6	1632429947194	1632429948411	OK	 
REQUEST		request_9	1632429947799	1632429948416	OK	 
REQUEST		request_9	1632429947803	1632429948418	OK	 
REQUEST		request_9	1632429947785	1632429948418	OK	 
REQUEST		request_10	1632429947822	1632429948421	OK	 
REQUEST		request_8	1632429947820	1632429948421	OK	 
REQUEST		request_8	1632429947826	1632429948428	OK	 
REQUEST		request_8	1632429947751	1632429948435	OK	 
REQUEST		request_4	1632429947165	1632429948437	OK	 
REQUEST		request_9	1632429947804	1632429948437	OK	 
REQUEST		request_4	1632429947162	1632429948444	OK	 
REQUEST		request_9	1632429947807	1632429948444	OK	 
REQUEST		request_9	1632429947837	1632429948456	OK	 
REQUEST		request_5	1632429947083	1632429948456	OK	 
REQUEST		request_7	1632429947126	1632429948456	OK	 
REQUEST		request_7	1632429947158	1632429948458	OK	 
REQUEST		request_7	1632429947115	1632429948458	OK	 
REQUEST		request_5	1632429947079	1632429948464	OK	 
REQUEST		request_9	1632429947856	1632429948475	OK	 
REQUEST		request_8	1632429947879	1632429948490	OK	 
REQUEST		request_10	1632429947881	1632429948495	OK	 
REQUEST		request_8	1632429947886	1632429948495	OK	 
REQUEST		request_8	1632429947891	1632429948509	OK	 
REQUEST		request_7	1632429947165	1632429948532	OK	 
REQUEST		request_4	1632429947193	1632429948546	OK	 
REQUEST		request_9	1632429947914	1632429948563	OK	 
REQUEST		request_7	1632429947168	1632429948564	OK	 
REQUEST		request_8	1632429947934	1632429948569	OK	 
REQUEST		request_9	1632429947902	1632429948571	OK	 
REQUEST		request_9	1632429947958	1632429948589	OK	 
REQUEST		request_9	1632429947970	1632429948593	OK	 
REQUEST		request_8	1632429947972	1632429948598	OK	 
REQUEST		request_8	1632429947972	1632429948598	OK	 
REQUEST		request_7	1632429947100	1632429948599	OK	 
REQUEST		request_7	1632429947097	1632429948599	OK	 
REQUEST		request_10	1632429947976	1632429948602	OK	 
REQUEST		request_7	1632429947106	1632429948609	OK	 
REQUEST		request_8	1632429947986	1632429948611	OK	 
REQUEST		request_10	1632429947985	1632429948611	OK	 
REQUEST		request_8	1632429947989	1632429948613	OK	 
REQUEST		request_8	1632429947989	1632429948616	OK	 
REQUEST		request_10	1632429947980	1632429948626	OK	 
REQUEST		request_9	1632429948021	1632429948644	OK	 
REQUEST		request_9	1632429947969	1632429948652	OK	 
REQUEST		request_8	1632429948026	1632429948661	OK	 
REQUEST		request_10	1632429948027	1632429948661	OK	 
REQUEST		request_9	1632429948021	1632429948661	OK	 
REQUEST		request_7	1632429947138	1632429948663	OK	 
REQUEST		request_9	1632429947998	1632429948667	OK	 
REQUEST		request_9	1632429948002	1632429948667	OK	 
REQUEST		request_7	1632429947178	1632429948672	OK	 
REQUEST		request_8	1632429948033	1632429948673	OK	 
REQUEST		request_8	1632429948029	1632429948681	OK	 
REQUEST		request_10	1632429948040	1632429948683	OK	 
REQUEST		request_7	1632429947189	1632429948690	OK	 
REQUEST		request_8	1632429948065	1632429948695	OK	 
REQUEST		request_7	1632429947189	1632429948697	OK	 
REQUEST		request_10	1632429948068	1632429948698	OK	 
REQUEST		request_9	1632429948040	1632429948727	OK	 
REQUEST		request_10	1632429948092	1632429948727	OK	 
REQUEST		request_10	1632429948093	1632429948728	OK	 
REQUEST		request_10	1632429948095	1632429948730	OK	 
REQUEST		request_10	1632429948077	1632429948731	OK	 
REQUEST		request_9	1632429948063	1632429948738	OK	 
REQUEST		request_10	1632429948121	1632429948757	OK	 
REQUEST		request_10	1632429948122	1632429948759	OK	 
REQUEST		request_10	1632429948121	1632429948759	OK	 
REQUEST		request_5	1632429947094	1632429948771	OK	 
REQUEST		request_9	1632429948125	1632429948787	OK	 
REQUEST		request_7	1632429947109	1632429948792	OK	 
REQUEST		request_10	1632429948156	1632429948792	OK	 
REQUEST		request_7	1632429947144	1632429948800	OK	 
REQUEST		request_7	1632429947200	1632429948810	OK	 
REQUEST		request_9	1632429948129	1632429948810	OK	 
REQUEST		request_9	1632429948155	1632429948824	OK	 
REQUEST		request_9	1632429948156	1632429948825	OK	 
REQUEST		request_9	1632429948164	1632429948828	OK	 
REQUEST		request_10	1632429948221	1632429948842	OK	 
REQUEST		request_10	1632429948222	1632429948843	OK	 
REQUEST		request_2	1632429947078	1632429948845	OK	 
REQUEST		request_10	1632429948229	1632429948847	OK	 
REQUEST		request_10	1632429948230	1632429948847	OK	 
REQUEST		request_5	1632429947081	1632429948873	OK	 
REQUEST		request_7	1632429947111	1632429948875	OK	 
REQUEST		request_10	1632429948234	1632429948876	OK	 
REQUEST		request_8	1632429948232	1632429948878	OK	 
REQUEST		request_5	1632429947081	1632429948882	OK	 
REQUEST		request_5	1632429947100	1632429948886	OK	 
REQUEST		request_7	1632429947222	1632429948895	OK	 
REQUEST		request_5	1632429947096	1632429948896	OK	 
REQUEST		request_5	1632429947092	1632429948898	OK	 
REQUEST		request_10	1632429948243	1632429948907	OK	 
REQUEST		request_7	1632429947222	1632429948927	OK	 
REQUEST		request_7	1632429947114	1632429948933	OK	 
REQUEST		request_7	1632429947114	1632429948933	OK	 
REQUEST		request_10	1632429948291	1632429948933	OK	 
REQUEST		request_10	1632429948289	1632429948935	OK	 
REQUEST		request_7	1632429947221	1632429948938	OK	 
REQUEST		request_7	1632429947142	1632429948946	OK	 
REQUEST		request_5	1632429947094	1632429948946	OK	 
REQUEST		request_10	1632429948316	1632429948948	OK	 
REQUEST		request_10	1632429948316	1632429948948	OK	 
REQUEST		request_7	1632429947111	1632429948948	OK	 
REQUEST		request_8	1632429948315	1632429948948	OK	 
REQUEST		request_10	1632429948316	1632429948950	OK	 
REQUEST		request_5	1632429947093	1632429948950	OK	 
REQUEST		request_10	1632429948326	1632429948961	OK	 
REQUEST		request_5	1632429947080	1632429948974	OK	 
REQUEST		request_5	1632429947089	1632429948989	OK	 
REQUEST		request_5	1632429947079	1632429948990	OK	 
REQUEST		request_5	1632429947103	1632429948992	OK	 
REQUEST		request_10	1632429948408	1632429949075	OK	 
REQUEST		request_8	1632429948411	1632429949081	OK	 
REQUEST		request_5	1632429947079	1632429949083	OK	 
REQUEST		request_7	1632429947126	1632429949084	OK	 
REQUEST		request_5	1632429947104	1632429949086	OK	 
REQUEST		request_10	1632429948422	1632429949086	OK	 
REQUEST		request_5	1632429947103	1632429949088	OK	 
REQUEST		request_5	1632429947108	1632429949089	OK	 
REQUEST		request_10	1632429948436	1632429949115	OK	 
REQUEST		request_9	1632429948438	1632429949147	OK	 
REQUEST		request_9	1632429948444	1632429949149	OK	 
REQUEST		request_10	1632429948458	1632429949150	OK	 
REQUEST		request_5	1632429947089	1632429949193	OK	 
REQUEST		request_7	1632429947136	1632429949195	OK	 
REQUEST		request_10	1632429948496	1632429949200	OK	 
REQUEST		request_10	1632429948491	1632429949200	OK	 
REQUEST		request_7	1632429947130	1632429949201	OK	 
REQUEST		request_5	1632429947092	1632429949206	OK	 
REQUEST		request_10	1632429948509	1632429949220	OK	 
REQUEST		request_5	1632429947118	1632429949226	OK	 
REQUEST		request_7	1632429947134	1632429949240	OK	 
REQUEST		request_3	1632429947091	1632429949280	OK	 
REQUEST		request_7	1632429947136	1632429949294	OK	 
REQUEST		request_10	1632429948570	1632429949296	OK	 
REQUEST		request_2	1632429947077	1632429949298	OK	 
REQUEST		request_9	1632429948546	1632429949320	OK	 
REQUEST		request_10	1632429948599	1632429949320	OK	 
REQUEST		request_3	1632429947078	1632429949323	OK	 
REQUEST		request_5	1632429947109	1632429949323	OK	 
REQUEST		request_10	1632429948599	1632429949324	OK	 
REQUEST		request_5	1632429947093	1632429949332	OK	 
REQUEST		request_10	1632429948612	1632429949333	OK	 
REQUEST		request_10	1632429948613	1632429949335	OK	 
REQUEST		request_10	1632429948617	1632429949338	OK	 
REQUEST		request_3	1632429947078	1632429949343	OK	 
REQUEST		request_5	1632429947080	1632429949350	OK	 
REQUEST		request_5	1632429947088	1632429949367	OK	 
REQUEST		request_10	1632429948674	1632429949381	OK	 
REQUEST		request_3	1632429947087	1632429949385	OK	 
REQUEST		request_10	1632429948683	1632429949390	OK	 
REQUEST		request_5	1632429947081	1632429949407	OK	 
REQUEST		request_5	1632429947126	1632429949407	OK	 
REQUEST		request_7	1632429947144	1632429949420	OK	 
REQUEST		request_7	1632429947291	1632429949427	OK	 
REQUEST		request_2	1632429947080	1632429949429	OK	 
REQUEST		request_3	1632429947091	1632429949444	OK	 
REQUEST		request_5	1632429947121	1632429949469	OK	 
REQUEST		request_5	1632429947093	1632429949473	OK	 
REQUEST		request_5	1632429947113	1632429949517	OK	 
REQUEST		request_5	1632429947113	1632429949528	OK	 
REQUEST		request_5	1632429947094	1632429949555	OK	 
REQUEST		request_10	1632429948878	1632429949588	OK	 
REQUEST		request_7	1632429947167	1632429949601	OK	 
REQUEST		request_5	1632429947088	1632429949601	OK	 
REQUEST		request_2	1632429947076	1632429949608	OK	 
REQUEST		request_2	1632429947087	1632429949630	OK	 
REQUEST		request_10	1632429948949	1632429949641	OK	 
REQUEST		request_5	1632429947104	1632429949642	OK	 
REQUEST		request_2	1632429947091	1632429949654	OK	 
REQUEST		request_3	1632429947090	1632429949674	OK	 
REQUEST		request_3	1632429947079	1632429949674	OK	 
REQUEST		request_3	1632429947088	1632429949674	OK	 
REQUEST		request_5	1632429947109	1632429949686	OK	 
REQUEST		request_5	1632429947123	1632429949695	OK	 
REQUEST		request_5	1632429947163	1632429949715	OK	 
REQUEST		request_5	1632429947107	1632429949722	OK	 
REQUEST		request_5	1632429947081	1632429949742	OK	 
REQUEST		request_3	1632429947102	1632429949754	OK	 
REQUEST		request_3	1632429947100	1632429949755	OK	 
REQUEST		request_7	1632429947194	1632429949766	OK	 
REQUEST		request_2	1632429947088	1632429949768	OK	 
REQUEST		request_5	1632429947138	1632429949769	OK	 
REQUEST		request_10	1632429949082	1632429949782	OK	 
REQUEST		request_3	1632429947102	1632429949797	OK	 
REQUEST		request_5	1632429947134	1632429949804	OK	 
REQUEST		request_5	1632429947136	1632429949810	OK	 
REQUEST		request_5	1632429947140	1632429949818	OK	 
REQUEST		request_3	1632429947102	1632429949826	OK	 
REQUEST		request_5	1632429947145	1632429949838	OK	 
REQUEST		request_2	1632429947092	1632429949849	OK	 
REQUEST		request_5	1632429947129	1632429949876	OK	 
REQUEST		request_2	1632429947087	1632429949886	OK	 
REQUEST		request_3	1632429947107	1632429949890	OK	 
REQUEST		request_5	1632429947111	1632429949922	OK	 
REQUEST		request_7	1632429947221	1632429949924	OK	 
REQUEST		request_5	1632429947125	1632429949931	OK	 
REQUEST		request_5	1632429947193	1632429949940	OK	 
REQUEST		request_2	1632429947099	1632429949947	OK	 
REQUEST		request_2	1632429947087	1632429949978	OK	 
REQUEST		request_2	1632429947099	1632429949998	OK	 
REQUEST		request_5	1632429947134	1632429950001	OK	 
REQUEST		request_3	1632429947080	1632429950025	OK	 
REQUEST		request_2	1632429947102	1632429950047	OK	 
REQUEST		request_5	1632429947165	1632429950063	OK	 
REQUEST		request_2	1632429947107	1632429950092	OK	 
REQUEST		request_2	1632429947077	1632429950092	OK	 
REQUEST		request_2	1632429947078	1632429950101	OK	 
REQUEST		request_3	1632429947122	1632429950101	OK	 
REQUEST		request_3	1632429947078	1632429950105	OK	 
REQUEST		request_3	1632429947124	1632429950122	OK	 
REQUEST		request_3	1632429947080	1632429950148	OK	 
REQUEST		request_7	1632429947310	1632429950161	OK	 
REQUEST		request_3	1632429947087	1632429950164	OK	 
REQUEST		request_3	1632429947099	1632429950229	OK	 
REQUEST		request_2	1632429947077	1632429950253	OK	 
REQUEST		request_3	1632429947080	1632429950275	OK	 
REQUEST		request_3	1632429947087	1632429950315	OK	 
REQUEST		request_2	1632429947123	1632429950316	OK	 
REQUEST		request_3	1632429947161	1632429950322	OK	 
REQUEST		request_3	1632429947108	1632429950328	OK	 
REQUEST		request_2	1632429947116	1632429950338	OK	 
REQUEST		request_3	1632429947079	1632429950340	OK	 
REQUEST		request_2	1632429947077	1632429950347	OK	 
REQUEST		request_7	1632429947374	1632429950354	OK	 
REQUEST		request_3	1632429947092	1632429950365	OK	 
REQUEST		request_2	1632429947122	1632429950372	OK	 
REQUEST		request_3	1632429947080	1632429950386	OK	 
REQUEST		request_3	1632429947192	1632429950442	OK	 
REQUEST		request_3	1632429947112	1632429950487	OK	 
REQUEST		request_3	1632429947120	1632429950495	OK	 
REQUEST		request_3	1632429947124	1632429950535	OK	 
REQUEST		request_3	1632429947132	1632429950562	OK	 
REQUEST		request_3	1632429947139	1632429950602	OK	 
REQUEST		request_3	1632429947134	1632429950616	OK	 
REQUEST		request_3	1632429947088	1632429950617	OK	 
REQUEST		request_3	1632429947137	1632429950617	OK	 
REQUEST		request_3	1632429947108	1632429950631	OK	 
REQUEST		request_2	1632429947087	1632429950639	OK	 
REQUEST		request_3	1632429947144	1632429950642	OK	 
REQUEST		request_3	1632429947092	1632429950665	OK	 
REQUEST		request_3	1632429947130	1632429950704	OK	 
REQUEST		request_2	1632429947091	1632429950716	OK	 
REQUEST		request_2	1632429947101	1632429950716	OK	 
REQUEST		request_2	1632429947086	1632429950775	OK	 
REQUEST		request_2	1632429947077	1632429950775	OK	 
REQUEST		request_3	1632429947164	1632429950796	OK	 
REQUEST		request_3	1632429947081	1632429950813	OK	 
REQUEST		request_2	1632429947111	1632429950833	OK	 
REQUEST		request_3	1632429947117	1632429950833	OK	 
REQUEST		request_2	1632429947119	1632429950908	OK	 
REQUEST		request_2	1632429947129	1632429950927	OK	 
REQUEST		request_2	1632429947132	1632429950927	OK	 
REQUEST		request_7	1632429947248	1632429950937	OK	 
REQUEST		request_2	1632429947133	1632429950955	OK	 
REQUEST		request_2	1632429947102	1632429950966	OK	 
REQUEST		request_2	1632429947136	1632429950982	OK	 
REQUEST		request_2	1632429947138	1632429950998	OK	 
REQUEST		request_2	1632429947108	1632429951045	OK	 
REQUEST		request_2	1632429947161	1632429951061	OK	 
REQUEST		request_2	1632429947164	1632429951065	OK	 
REQUEST		request_3	1632429947089	1632429951086	OK	 
REQUEST		request_3	1632429947078	1632429951122	OK	 
REQUEST		request_3	1632429947108	1632429951138	OK	 
REQUEST		request_2	1632429947191	1632429951142	OK	 
REQUEST		request_2	1632429947124	1632429951240	OK	 
REQUEST		request_3	1632429947092	1632429951249	OK	 
REQUEST		request_3	1632429947112	1632429951266	OK	 
REQUEST		request_3	1632429947094	1632429951266	OK	 
REQUEST		request_2	1632429947079	1632429951277	OK	 
REQUEST		request_11	1632429947882	1632429951294	OK	 
REQUEST		request_3	1632429947079	1632429951346	OK	 
REQUEST		request_11	1632429947958	1632429951391	OK	 
REQUEST		request_11	1632429948104	1632429951533	OK	 
REQUEST		request_11	1632429948164	1632429951562	OK	 
REQUEST		request_11	1632429948164	1632429951573	OK	 
REQUEST		request_2	1632429947078	1632429951634	OK	 
REQUEST		request_11	1632429948313	1632429951639	OK	 
REQUEST		request_11	1632429948320	1632429951663	OK	 
REQUEST		request_11	1632429948564	1632429951681	OK	 
REQUEST		request_11	1632429948312	1632429951684	OK	 
REQUEST		request_11	1632429948312	1632429951743	OK	 
REQUEST		request_11	1632429948418	1632429951753	OK	 
REQUEST		request_11	1632429948193	1632429951753	OK	 
REQUEST		request_11	1632429948339	1632429951754	OK	 
REQUEST		request_2	1632429947108	1632429951833	OK	 
REQUEST		request_2	1632429947080	1632429951887	OK	 
REQUEST		request_2	1632429947077	1632429951911	OK	 
REQUEST		request_2	1632429947091	1632429951961	OK	 
REQUEST		request_11	1632429948590	1632429951966	OK	 
REQUEST		request_2	1632429947079	1632429952067	OK	 
REQUEST		request_11	1632429948418	1632429952253	OK	 
REQUEST		request_11	1632429948417	1632429952253	OK	 
REQUEST		request_2	1632429947077	1632429952282	OK	 
REQUEST		request_11	1632429947570	1632429952296	OK	 
REQUEST		request_11	1632429948662	1632429952350	OK	 
REQUEST		request_2	1632429947078	1632429952374	OK	 
REQUEST		request_2	1632429947094	1632429952379	OK	 
REQUEST		request_11	1632429948645	1632429952413	OK	 
REQUEST		request_11	1632429948157	1632429952453	OK	 
REQUEST		request_2	1632429947078	1632429952488	OK	 
REQUEST		request_11	1632429948334	1632429952603	OK	 
REQUEST		request_11	1632429948429	1632429952608	OK	 
REQUEST		request_11	1632429947902	1632429952648	OK	 
REQUEST		request_11	1632429948564	1632429952679	OK	 
REQUEST		request_11	1632429948456	1632429952711	OK	 
REQUEST		request_11	1632429948668	1632429952717	OK	 
REQUEST		request_11	1632429948040	1632429952731	OK	 
REQUEST		request_11	1632429948096	1632429952742	OK	 
REQUEST		request_11	1632429948727	1632429952755	OK	 
REQUEST		request_11	1632429948134	1632429952786	OK	 
REQUEST		request_12	1632429949642	1632429952790	OK	 
REQUEST		request_11	1632429948826	1632429952814	OK	 
REQUEST		request_12	1632429948532	1632429952817	OK	 
REQUEST		request_11	1632429948318	1632429952823	OK	 
REQUEST		request_11	1632429948669	1632429952823	OK	 
REQUEST		request_11	1632429948825	1632429952824	OK	 
REQUEST		request_11	1632429948739	1632429952865	OK	 
REQUEST		request_12	1632429948299	1632429952866	OK	 
REQUEST		request_11	1632429948811	1632429952872	OK	 
REQUEST		request_12	1632429948690	1632429952876	OK	 
REQUEST		request_12	1632429948673	1632429952876	OK	 
REQUEST		request_12	1632429948698	1632429952900	OK	 
REQUEST		request_12	1632429948496	1632429952950	OK	 
REQUEST		request_11	1632429949148	1632429952970	OK	 
REQUEST		request_11	1632429949149	1632429952973	OK	 
REQUEST		request_11	1632429948238	1632429952976	OK	 
REQUEST		request_12	1632429948811	1632429952995	OK	 
REQUEST		request_12	1632429948896	1632429952998	OK	 
REQUEST		request_12	1632429948938	1632429953011	OK	 
REQUEST		request_11	1632429949321	1632429953016	OK	 
REQUEST		request_11	1632429948696	1632429953028	OK	 
REQUEST		request_12	1632429948928	1632429953030	OK	 
REQUEST		request_12	1632429948731	1632429953039	OK	 
REQUEST		request_11	1632429948662	1632429953048	OK	 
REQUEST		request_12	1632429948273	1632429953067	OK	 
REQUEST		request_12	1632429948362	1632429953096	OK	 
REQUEST		request_12	1632429948663	1632429953160	OK	 
REQUEST		request_12	1632429949428	1632429953174	OK	 
REQUEST		request_12	1632429948352	1632429953186	OK	 
REQUEST		request_12	1632429948476	1632429953195	OK	 
REQUEST		request_12	1632429948788	1632429953201	OK	 
REQUEST		request_11	1632429948367	1632429953211	OK	 
REQUEST		request_12	1632429948045	1632429953227	OK	 
REQUEST		request_12	1632429949334	1632429953252	OK	 
REQUEST		request_12	1632429949391	1632429953253	OK	 
REQUEST		request_12	1632429948459	1632429953277	OK	 
REQUEST		request_12	1632429949782	1632429953316	OK	 
REQUEST		request_12	1632429948800	1632429953352	OK	 
REQUEST		request_12	1632429948731	1632429953357	OK	 
REQUEST		request_12	1632429948438	1632429953372	OK	 
REQUEST		request_12	1632429948456	1632429953373	OK	 
REQUEST		request_12	1632429948948	1632429953374	OK	 
REQUEST		request_12	1632429948444	1632429953395	OK	 
REQUEST		request_12	1632429948571	1632429953404	OK	 
REQUEST		request_12	1632429948828	1632429953423	OK	 
REQUEST		request_12	1632429948947	1632429953449	OK	 
REQUEST		request_12	1632429948191	1632429953449	OK	 
REQUEST		request_12	1632429948948	1632429953449	OK	 
REQUEST		request_12	1632429948164	1632429953451	OK	 
REQUEST		request_12	1632429949324	1632429953457	OK	 
REQUEST		request_12	1632429948125	1632429953458	OK	 
REQUEST		request_12	1632429949202	1632429953486	OK	 
REQUEST		request_11	1632429948653	1632429953491	OK	 
REQUEST		request_11	1632429948229	1632429953685	OK	 
REQUEST		request_11	1632429948070	1632429953718	OK	 
REQUEST		request_11	1632429948227	1632429953756	OK	 
REQUEST		request_11	1632429948122	1632429953800	OK	 
REQUEST		request_11	1632429947669	1632429954002	OK	 
REQUEST		request_11	1632429947824	1632429954078	OK	 
REQUEST		request_12	1632429948728	1632429954095	OK	 
REQUEST		request_12	1632429948599	1632429954099	OK	 
REQUEST		request_12	1632429948847	1632429954101	OK	 
REQUEST		request_12	1632429948610	1632429954104	OK	 
REQUEST		request_12	1632429948093	1632429954149	OK	 
REQUEST		request_12	1632429948842	1632429954152	OK	 
REQUEST		request_12	1632429948662	1632429954184	OK	 
REQUEST		request_12	1632429948593	1632429954209	OK	 
REQUEST		request_12	1632429948271	1632429954251	OK	 
REQUEST		request_12	1632429948793	1632429954270	OK	 
REQUEST		request_12	1632429948875	1632429954340	OK	 
REQUEST		request_13	1632429986821	1632429986893	OK	 
USER	LoginSimulation	END	1632429986897
REQUEST		request_13	1632429986868	1632429986904	OK	 
USER	LoginSimulation	END	1632429986906
REQUEST		request_13	1632429986878	1632429986998	OK	 
REQUEST		request_13	1632429986878	1632429986998	OK	 
REQUEST		request_13	1632429986952	1632429986999	OK	 
USER	LoginSimulation	END	1632429987000
USER	LoginSimulation	END	1632429987000
USER	LoginSimulation	END	1632429987001
REQUEST		request_13	1632429986902	1632429987020	OK	 
USER	LoginSimulation	END	1632429987021
REQUEST		request_13	1632429987012	1632429987060	OK	 
USER	LoginSimulation	END	1632429987061
REQUEST		request_13	1632429986997	1632429987099	OK	 
USER	LoginSimulation	END	1632429987101
REQUEST		request_13	1632429987098	1632429987119	OK	 
USER	LoginSimulation	END	1632429987121
REQUEST		request_13	1632429986970	1632429987126	OK	 
USER	LoginSimulation	END	1632429987127
REQUEST		request_13	1632429987000	1632429987127	OK	 
USER	LoginSimulation	END	1632429987129
REQUEST		request_13	1632429987030	1632429987142	OK	 
USER	LoginSimulation	END	1632429987144
REQUEST		request_13	1632429987041	1632429987191	OK	 
USER	LoginSimulation	END	1632429987193
REQUEST		request_13	1632429987160	1632429987222	OK	 
USER	LoginSimulation	END	1632429987224
REQUEST		request_13	1632429987188	1632429987244	OK	 
USER	LoginSimulation	END	1632429987246
REQUEST		request_13	1632429987254	1632429987302	OK	 
USER	LoginSimulation	END	1632429987304
REQUEST		request_13	1632429987278	1632429987308	OK	 
USER	LoginSimulation	END	1632429987309
REQUEST		request_13	1632429987195	1632429987322	OK	 
REQUEST		request_13	1632429987204	1632429987323	OK	 
USER	LoginSimulation	END	1632429987324
USER	LoginSimulation	END	1632429987324
REQUEST		request_13	1632429987176	1632429987333	OK	 
USER	LoginSimulation	END	1632429987334
REQUEST		request_13	1632429987318	1632429987373	OK	 
USER	LoginSimulation	END	1632429987374
REQUEST		request_13	1632429987354	1632429987406	OK	 
USER	LoginSimulation	END	1632429987407
REQUEST		request_13	1632429987254	1632429987421	OK	 
USER	LoginSimulation	END	1632429987422
REQUEST		request_13	1632429987373	1632429987440	OK	 
USER	LoginSimulation	END	1632429987442
REQUEST		request_13	1632429987376	1632429987467	OK	 
USER	LoginSimulation	END	1632429987470
REQUEST		request_13	1632429987450	1632429987472	OK	 
USER	LoginSimulation	END	1632429987474
REQUEST		request_13	1632429987229	1632429987486	OK	 
REQUEST		request_13	1632429987357	1632429987487	OK	 
USER	LoginSimulation	END	1632429987489
USER	LoginSimulation	END	1632429987490
REQUEST		request_13	1632429987372	1632429987507	OK	 
USER	LoginSimulation	END	1632429987509
REQUEST		request_13	1632429987405	1632429987511	OK	 
USER	LoginSimulation	END	1632429987515
REQUEST		request_13	1632429987395	1632429987520	OK	 
USER	LoginSimulation	END	1632429987523
REQUEST		request_13	1632429987423	1632429987559	OK	 
REQUEST		request_13	1632429987449	1632429987572	OK	 
USER	LoginSimulation	END	1632429987583
REQUEST		request_13	1632429987459	1632429987588	OK	 
USER	LoginSimulation	END	1632429987590
USER	LoginSimulation	END	1632429987604
REQUEST		request_13	1632429987453	1632429987607	OK	 
USER	LoginSimulation	END	1632429987608
REQUEST		request_13	1632429987487	1632429987622	OK	 
USER	LoginSimulation	END	1632429987623
REQUEST		request_13	1632429987451	1632429987632	OK	 
USER	LoginSimulation	END	1632429987634
REQUEST		request_13	1632429987718	1632429987738	OK	 
USER	LoginSimulation	END	1632429987740
REQUEST		request_13	1632429988080	1632429988110	OK	 
USER	LoginSimulation	END	1632429988112
REQUEST		request_13	1632429988154	1632429988198	OK	 
USER	LoginSimulation	END	1632429988200
REQUEST		request_13	1632429988101	1632429988241	OK	 
REQUEST		request_13	1632429988150	1632429988242	OK	 
USER	LoginSimulation	END	1632429988244
USER	LoginSimulation	END	1632429988245
REQUEST		request_13	1632429988103	1632429988245	OK	 
REQUEST		request_13	1632429988186	1632429988248	OK	 
USER	LoginSimulation	END	1632429988248
USER	LoginSimulation	END	1632429988251
REQUEST		request_13	1632429988106	1632429988261	OK	 
USER	LoginSimulation	END	1632429988263
REQUEST		request_13	1632429988097	1632429988318	OK	 
USER	LoginSimulation	END	1632429988320
REQUEST		request_13	1632429988342	1632429988404	OK	 
USER	LoginSimulation	END	1632429988406
REQUEST		request_13	1632429988253	1632429988417	OK	 
USER	LoginSimulation	END	1632429988419
REQUEST		request_13	1632429988271	1632429988421	OK	 
USER	LoginSimulation	END	1632429988422
REQUEST		request_13	1632429988211	1632429988430	OK	 
USER	LoginSimulation	END	1632429988431
